Arguments: 
  /Users/otakar/.nvm/versions/node/v9.4.0/bin/node /Users/otakar/.nvm/versions/node/v9.4.0/bin/yarn start

PATH: 
  /Library/Frameworks/Python.framework/Versions/3.6/bin:/Library/Frameworks/Python.framework/Versions/3.6/bin:/Users/otakar/.nvm/versions/node/v9.4.0/bin:/usr/local/bin:/usr/bin:/bin:/usr/sbin:/sbin

Yarn version: 
  1.5.1

Node version: 
  9.4.0

Platform: 
  darwin x64

npm manifest: 
  No manifest

yarn manifest: 
  No manifest

Lockfile: 
  No lockfile

Trace: 
  Error: Couldn't find a package.json file in "/Users/otakar/Dev/JS/gp2"
      at new MessageError (/Users/otakar/.nvm/versions/node/v9.4.0/lib/node_modules/yarn/lib/cli.js:186:110)
      at /Users/otakar/.nvm/versions/node/v9.4.0/lib/node_modules/yarn/lib/cli.js:40048:15
      at Generator.next (<anonymous>)
      at step (/Users/otakar/.nvm/versions/node/v9.4.0/lib/node_modules/yarn/lib/cli.js:98:30)
      at /Users/otakar/.nvm/versions/node/v9.4.0/lib/node_modules/yarn/lib/cli.js:109:13
      at <anonymous>
